<?xml version="1.0" encoding="UTF-8"?>
<!-- Generated by org.testng.reporters.JUnitReportReporter -->
<testsuite hostname="UDIND-LP038" failures="0" tests="1" name="TestGoogleSearch" time="8.637" errors="0" timestamp="2022-06-07T13:19:18 IST" skipped="0">
  <testcase classname="TestGoogleSearch" name="googleSearch" time="8.637"/>
  <system-out/>
</testsuite> <!-- TestGoogleSearch -->
