<?xml version="1.0" encoding="UTF-8"?>
<!-- Generated by org.testng.reporters.JUnitReportReporter -->
<testsuite hostname="UDIND-LP038" failures="0" tests="1" name="recordTests.RecordTest" time="16.166" errors="0" timestamp="2022-06-15T17:04:58 IST" skipped="0">
  <testcase classname="recordTests.RecordTest" name="testUntitledTestCase" time="16.166"/>
  <system-out/>
</testsuite> <!-- recordTests.RecordTest -->
