<?xml version="1.0" encoding="UTF-8"?>
<!-- Generated by org.testng.reporters.JUnitReportReporter -->
<testsuite hostname="UDIND-LP038" failures="0" tests="2" name="ignoreTests.TestNGIgnoreDemo" time="0.010" errors="0" timestamp="2022-06-14T17:16:36 IST" skipped="0">
  <testcase classname="ignoreTests.TestNGIgnoreDemo" name="test2" time="0.000"/>
  <system-out/>
  <testcase classname="ignoreTests.TestNGIgnoreDemo" name="test1" time="0.010"/>
  <system-out/>
</testsuite> <!-- ignoreTests.TestNGIgnoreDemo -->
