<?xml version="1.0" encoding="UTF-8"?>
<!-- Generated by org.testng.reporters.JUnitReportReporter -->
<testsuite hostname="UDIND-LP038" failures="0" tests="3" name="priority.TestNGPriorityDemo" time="0.012" errors="0" timestamp="2022-06-10T14:54:41 IST" skipped="0">
  <testcase classname="priority.TestNGPriorityDemo" name="test2" time="0.010"/>
  <system-out/>
  <testcase classname="priority.TestNGPriorityDemo" name="test3" time="0.001"/>
  <system-out/>
  <testcase classname="priority.TestNGPriorityDemo" name="test1" time="0.001"/>
  <system-out/>
</testsuite> <!-- priority.TestNGPriorityDemo -->
