<?xml version="1.0" encoding="UTF-8"?>
<!-- Generated by org.testng.reporters.JUnitReportReporter -->
<testsuite hostname="UDIND-LP038" failures="0" tests="1" name="TestGoogleSearch2" time="8.474" errors="0" timestamp="2022-06-07T13:19:18 IST" skipped="0">
  <testcase classname="TestGoogleSearch2" name="googleSearch3" time="8.474"/>
  <system-out/>
</testsuite> <!-- TestGoogleSearch2 -->
