<?xml version="1.0" encoding="UTF-8"?>
<!-- Generated by org.testng.reporters.JUnitReportReporter -->
<testsuite hostname="UDIND-LP038" failures="0" tests="4" name="groupingTestDemo.TestNGGroupsDemo" time="0.005" errors="0" timestamp="2022-06-14T17:06:23 IST" skipped="0">
  <testcase classname="groupingTestDemo.TestNGGroupsDemo" name="test1" time="0.001"/>
  <system-out/>
  <testcase classname="groupingTestDemo.TestNGGroupsDemo" name="test4" time="0.001"/>
  <system-out/>
  <testcase classname="groupingTestDemo.TestNGGroupsDemo" name="test2" time="0.001"/>
  <system-out/>
  <testcase classname="groupingTestDemo.TestNGGroupsDemo" name="test3" time="0.002"/>
  <system-out/>
</testsuite> <!-- groupingTestDemo.TestNGGroupsDemo -->
