<?xml version="1.0" encoding="UTF-8"?>
<!-- Generated by org.testng.reporters.JUnitReportReporter -->
<testsuite hostname="UDIND-LP038" failures="0" tests="1" name="parameterDemo.TestNGParametersDemo" time="0.012" errors="0" timestamp="2022-06-13T17:38:33 IST" skipped="0">
  <testcase classname="parameterDemo.TestNGParametersDemo" name="test" time="0.012"/>
  <system-out/>
</testsuite> <!-- parameterDemo.TestNGParametersDemo -->
