<?xml version="1.0" encoding="UTF-8"?>
<!-- Generated by org.testng.reporters.JUnitReportReporter -->
<testsuite hostname="UDIND-LP038" failures="0" tests="2" name="utils_excel.ExcelDataProvider" time="3.645" errors="0" timestamp="2022-06-13T11:41:42 IST" skipped="0">
  <testcase classname="utils_excel.ExcelDataProvider" name="test1" time="2.707"/>
  <system-out/>
  <testcase classname="utils_excel.ExcelDataProvider" name="test1" time="0.938"/>
  <system-out/>
</testsuite> <!-- utils_excel.ExcelDataProvider -->
