<?xml version="1.0" encoding="UTF-8"?>
<!-- Generated by org.testng.reporters.JUnitReportReporter -->
<testsuite hostname="UDIND-LP038" failures="0" tests="3" name="dependson.DependsOn" time="0.019" errors="0" timestamp="2022-06-09T19:07:11 IST" skipped="0">
  <testcase classname="dependson.DependsOn" name="methodC" time="0.003"/>
  <system-out/>
  <testcase classname="dependson.DependsOn" name="methodB" time="0.001"/>
  <system-out/>
  <testcase classname="dependson.DependsOn" name="methodA" time="0.015"/>
  <system-out/>
</testsuite> <!-- dependson.DependsOn -->
