<?xml version="1.0" encoding="UTF-8"?>
<!-- Generated by org.testng.reporters.JUnitReportReporter -->
<testsuite hostname="UDIND-LP038" failures="0" tests="3" name="listeners.TestNGListenerDemo2" time="0.002" errors="0" timestamp="2022-06-13T11:26:16 IST" skipped="1">
  <testcase classname="listeners.TestNGListenerDemo2" name="test4" time="0.001"/>
  <system-out/>
  <testcase classname="listeners.TestNGListenerDemo2" name="test34" time="0.000">
    <skipped/>
  </testcase> <!-- test34 -->
  <system-out/>
  <testcase classname="listeners.TestNGListenerDemo2" name="test24" time="0.001"/>
  <system-out/>
</testsuite> <!-- listeners.TestNGListenerDemo2 -->
