<?xml version="1.0" encoding="UTF-8"?>
<!-- Generated by org.testng.reporters.JUnitReportReporter -->
<testsuite hostname="UDIND-LP038" failures="0" tests="1" name="config.TestGoogleSearch" time="11.344" errors="0" timestamp="2022-06-09T15:13:02 IST" skipped="0">
  <testcase classname="config.TestGoogleSearch" name="googleSearch" time="11.344"/>
  <system-out/>
</testsuite> <!-- config.TestGoogleSearch -->
