<?xml version="1.0" encoding="UTF-8"?>
<!-- Generated by org.testng.reporters.JUnitReportReporter -->
<testsuite hostname="UDIND-LP038" failures="0" tests="2" name="parallelTesting.TestNGMultipleBrowserParallelTesting" time="15.218" errors="0" timestamp="2022-06-13T17:08:22 IST" skipped="0">
  <testcase classname="parallelTesting.TestNGMultipleBrowserParallelTesting" name="test1" time="7.488"/>
  <system-out/>
  <testcase classname="parallelTesting.TestNGMultipleBrowserParallelTesting" name="test1" time="7.730"/>
  <system-out/>
</testsuite> <!-- parallelTesting.TestNGMultipleBrowserParallelTesting -->
