<?xml version="1.0" encoding="UTF-8"?>
<!-- Generated by org.testng.reporters.JUnitReportReporter -->
<testsuite hostname="UDIND-LP038" failures="0" tests="3" name="listeners.TestNGListenerDemo" time="16.830" errors="0" timestamp="2022-06-13T11:26:16 IST" skipped="1">
  <testcase classname="listeners.TestNGListenerDemo" name="test3" time="0.002">
    <skipped/>
  </testcase> <!-- test3 -->
  <system-out/>
  <testcase classname="listeners.TestNGListenerDemo" name="test1" time="0.015"/>
  <system-out/>
  <testcase classname="listeners.TestNGListenerDemo" name="test2" time="16.813"/>
  <system-out/>
</testsuite> <!-- listeners.TestNGListenerDemo -->
