<?xml version="1.0" encoding="UTF-8"?>
<!-- Generated by org.testng.reporters.JUnitReportReporter -->
<testsuite hostname="UDIND-LP038" failures="0" tests="3" name="createDependencies.TestNGDependencyDemo" time="0.011" errors="0" timestamp="2022-06-14T17:08:40 IST" skipped="0">
  <testcase classname="createDependencies.TestNGDependencyDemo" name="test1" time="0.001"/>
  <system-out/>
  <testcase classname="createDependencies.TestNGDependencyDemo" name="test2" time="0.009"/>
  <system-out/>
  <testcase classname="createDependencies.TestNGDependencyDemo" name="test3" time="0.001"/>
  <system-out/>
</testsuite> <!-- createDependencies.TestNGDependencyDemo -->
